<?xml version="1.0" encoding="UTF-8"?>
<!-- Generated by org.testng.reporters.JUnitXMLReporter -->
<testsuite ignored="0" hostname="DESKTOP-EUH2O3V" failures="3" tests="5" name="Default test" time="163.946" errors="0" timestamp="2024-01-18T09:32:42 IST">
  <testcase classname="io.cucumber.testng.AbstractTestNGCucumberTests" name="runScenario" time="39.736"/>
  <testcase classname="io.cucumber.testng.AbstractTestNGCucumberTests" name="runScenario" time="30.047"/>
  <testcase classname="io.cucumber.testng.AbstractTestNGCucumberTests" name="runScenario" time="31.108">
    <failure type="org.junit.ComparisonFailure" message="expected:&amp;lt;[]&amp;gt; but was:&amp;lt;[It is mandontary to fill the fields]&amp;gt;">
      <![CDATA[org.junit.ComparisonFailure: expected:<[]> but was:<[It is mandontary to fill the fields]>
at org.junit.Assert.assertEquals(Assert.java:115)
at org.junit.Assert.assertEquals(Assert.java:144)
at steps.ContactUsFormSteps.it_shoulld_diplayed_the_message(ContactUsFormSteps.java:113)
at ✽.It shoulld diplayed the message 'It is mandontary to fill the fields'(file:///C:/Users/DELL/eclipse-workspace/CucumberProject/RLLProjectCucumber/src/test/java/features/ContactUs.feature:15)
]]>
    </failure>
  </testcase> <!-- runScenario -->
  <testcase classname="io.cucumber.testng.AbstractTestNGCucumberTests" name="runScenario" time="29.884">
    <failure type="org.junit.ComparisonFailure" message="expected:&amp;lt;[]&amp;gt; but was:&amp;lt;[Please enter the valid name]&amp;gt;">
      <![CDATA[org.junit.ComparisonFailure: expected:<[]> but was:<[Please enter the valid name]>
at org.junit.Assert.assertEquals(Assert.java:115)
at org.junit.Assert.assertEquals(Assert.java:144)
at steps.ContactUsFormSteps.it_shoulld_diplayed_the_message(ContactUsFormSteps.java:113)
at ✽.It shoulld diplayed the message 'Please enter the valid name'(file:///C:/Users/DELL/eclipse-workspace/CucumberProject/RLLProjectCucumber/src/test/java/features/ContactUs.feature:15)
]]>
    </failure>
  </testcase> <!-- runScenario -->
  <testcase classname="io.cucumber.testng.AbstractTestNGCucumberTests" name="runScenario" time="30.035">
    <failure type="org.junit.ComparisonFailure" message="expected:&amp;lt;[]&amp;gt; but was:&amp;lt;[Please Enter the valid number format]&amp;gt;">
      <![CDATA[org.junit.ComparisonFailure: expected:<[]> but was:<[Please Enter the valid number format]>
at org.junit.Assert.assertEquals(Assert.java:115)
at org.junit.Assert.assertEquals(Assert.java:144)
at steps.ContactUsFormSteps.it_shoulld_diplayed_the_message(ContactUsFormSteps.java:113)
at ✽.It shoulld diplayed the message 'Please Enter the valid number format'(file:///C:/Users/DELL/eclipse-workspace/CucumberProject/RLLProjectCucumber/src/test/java/features/ContactUs.feature:15)
]]>
    </failure>
  </testcase> <!-- runScenario -->
</testsuite> <!-- Default test -->
