<?xml version="1.0" encoding="UTF-8"?>
<testng-results retried="4" ignored="0" total="9" passed="1" failed="4" skipped="0">
  <reporter-output>
  </reporter-output>
  <suite started-at="2024-01-20T14:38:45 IST" name="CucumberSuite" finished-at="2024-01-20T14:44:22 IST" duration-ms="336592">
    <groups>
      <group name="cucumber">
        <method signature="AbstractTestNGCucumberTests.runScenario(io.cucumber.testng.PickleWrapper,io.cucumber.testng.FeatureWrapper)[pri:0, instance:com.app.runner.TestNGRunner@4d1bf319]" name="runScenario" class="io.cucumber.testng.AbstractTestNGCucumberTests"/>
      </group> <!-- cucumber -->
    </groups>
    <test started-at="2024-01-20T14:38:45 IST" name="CucumberTest" finished-at="2024-01-20T14:44:22 IST" duration-ms="336592">
      <class name="com.app.runner.TestNGRunner">
        <test-method is-config="true" signature="setUpClass(org.testng.ITestContext)[pri:0, instance:com.app.runner.TestNGRunner@4d1bf319]" started-at="2024-01-20T14:38:45 IST" name="setUpClass" finished-at="2024-01-20T14:38:46 IST" duration-ms="812" status="PASS">
          <params>
            <param index="0">
              <value>
                <![CDATA[org.testng.TestRunner@3e0a112f]]>
              </value>
            </param>
          </params>
          <reporter-output>
          </reporter-output>
        </test-method> <!-- setUpClass -->
        <test-method signature="runScenario(io.cucumber.testng.PickleWrapper,io.cucumber.testng.FeatureWrapper)[pri:0, instance:com.app.runner.TestNGRunner@4d1bf319]" started-at="2024-01-20T14:38:46 IST" name="runScenario" description="Runs Cucumber Scenarios" data-provider="scenarios" finished-at="2024-01-20T14:39:30 IST" duration-ms="43806" status="PASS">
          <params>
            <param index="0">
              <value>
                <![CDATA["Testing of ContactUs Page"]]>
              </value>
            </param>
            <param index="1">
              <value>
                <![CDATA["Test Chilternoak Furniture page I want to use this template for my feature file"]]>
              </value>
            </param>
          </params>
          <reporter-output>
          </reporter-output>
        </test-method> <!-- runScenario -->
        <test-method retried="true" signature="runScenario(io.cucumber.testng.PickleWrapper,io.cucumber.testng.FeatureWrapper)[pri:0, instance:com.app.runner.TestNGRunner@4d1bf319]" started-at="2024-01-20T14:39:30 IST" name="runScenario" description="Runs Cucumber Scenarios" data-provider="scenarios" finished-at="2024-01-20T14:40:02 IST" duration-ms="32883" status="SKIP">
          <params>
            <param index="0">
              <value>
                <![CDATA["Testing of ContactUs Page"]]>
              </value>
            </param>
            <param index="1">
              <value>
                <![CDATA["Test Chilternoak Furniture page I want to use this template for my feature file"]]>
              </value>
            </param>
          </params>
          <exception class="java.lang.AssertionError">
            <full-stacktrace>
              <![CDATA[java.lang.AssertionError
at org.junit.Assert.fail(Assert.java:86)
at org.junit.Assert.assertTrue(Assert.java:41)
at org.junit.Assert.assertTrue(Assert.java:52)
at com.app.stepdefs.Steps.it_shoulld_diplayed_the_message(Steps.java:101)
at ✽.It shoulld diplayed the message 'Please enter the valid email'(file:///C:/Users/DELL/eclipse-workspace/RLL_Project_ContactUs/RLL_project_ContactUsForm/src/test/resource/features/ContactUs.feature:14)
]]>
            </full-stacktrace>
          </exception> <!-- java.lang.AssertionError -->
          <reporter-output>
          </reporter-output>
        </test-method> <!-- runScenario -->
        <test-method signature="runScenario(io.cucumber.testng.PickleWrapper,io.cucumber.testng.FeatureWrapper)[pri:0, instance:com.app.runner.TestNGRunner@4d1bf319]" started-at="2024-01-20T14:40:02 IST" name="runScenario" description="Runs Cucumber Scenarios" data-provider="scenarios" finished-at="2024-01-20T14:40:44 IST" duration-ms="41844" status="FAIL">
          <params>
            <param index="0">
              <value>
                <![CDATA["Testing of ContactUs Page"]]>
              </value>
            </param>
            <param index="1">
              <value>
                <![CDATA["Test Chilternoak Furniture page I want to use this template for my feature file"]]>
              </value>
            </param>
          </params>
          <exception class="java.lang.AssertionError">
            <full-stacktrace>
              <![CDATA[java.lang.AssertionError
at org.junit.Assert.fail(Assert.java:86)
at org.junit.Assert.assertTrue(Assert.java:41)
at org.junit.Assert.assertTrue(Assert.java:52)
at com.app.stepdefs.Steps.it_shoulld_diplayed_the_message(Steps.java:101)
at ✽.It shoulld diplayed the message 'Please enter the valid email'(file:///C:/Users/DELL/eclipse-workspace/RLL_Project_ContactUs/RLL_project_ContactUsForm/src/test/resource/features/ContactUs.feature:14)
]]>
            </full-stacktrace>
          </exception> <!-- java.lang.AssertionError -->
          <reporter-output>
          </reporter-output>
        </test-method> <!-- runScenario -->
        <test-method retried="true" signature="runScenario(io.cucumber.testng.PickleWrapper,io.cucumber.testng.FeatureWrapper)[pri:0, instance:com.app.runner.TestNGRunner@4d1bf319]" started-at="2024-01-20T14:40:44 IST" name="runScenario" description="Runs Cucumber Scenarios" data-provider="scenarios" finished-at="2024-01-20T14:41:17 IST" duration-ms="32772" status="SKIP">
          <params>
            <param index="0">
              <value>
                <![CDATA["Testing of ContactUs Page"]]>
              </value>
            </param>
            <param index="1">
              <value>
                <![CDATA["Test Chilternoak Furniture page I want to use this template for my feature file"]]>
              </value>
            </param>
          </params>
          <exception class="java.lang.AssertionError">
            <full-stacktrace>
              <![CDATA[java.lang.AssertionError
at org.junit.Assert.fail(Assert.java:86)
at org.junit.Assert.assertTrue(Assert.java:41)
at org.junit.Assert.assertTrue(Assert.java:52)
at com.app.stepdefs.Steps.it_shoulld_diplayed_the_message(Steps.java:101)
at ✽.It shoulld diplayed the message 'It is mandontary to fill the fields'(file:///C:/Users/DELL/eclipse-workspace/RLL_Project_ContactUs/RLL_project_ContactUsForm/src/test/resource/features/ContactUs.feature:14)
]]>
            </full-stacktrace>
          </exception> <!-- java.lang.AssertionError -->
          <reporter-output>
          </reporter-output>
        </test-method> <!-- runScenario -->
        <test-method signature="runScenario(io.cucumber.testng.PickleWrapper,io.cucumber.testng.FeatureWrapper)[pri:0, instance:com.app.runner.TestNGRunner@4d1bf319]" started-at="2024-01-20T14:41:17 IST" name="runScenario" description="Runs Cucumber Scenarios" data-provider="scenarios" finished-at="2024-01-20T14:41:52 IST" duration-ms="34914" status="FAIL">
          <params>
            <param index="0">
              <value>
                <![CDATA["Testing of ContactUs Page"]]>
              </value>
            </param>
            <param index="1">
              <value>
                <![CDATA["Test Chilternoak Furniture page I want to use this template for my feature file"]]>
              </value>
            </param>
          </params>
          <exception class="java.lang.AssertionError">
            <full-stacktrace>
              <![CDATA[java.lang.AssertionError
at org.junit.Assert.fail(Assert.java:86)
at org.junit.Assert.assertTrue(Assert.java:41)
at org.junit.Assert.assertTrue(Assert.java:52)
at com.app.stepdefs.Steps.it_shoulld_diplayed_the_message(Steps.java:101)
at ✽.It shoulld diplayed the message 'It is mandontary to fill the fields'(file:///C:/Users/DELL/eclipse-workspace/RLL_Project_ContactUs/RLL_project_ContactUsForm/src/test/resource/features/ContactUs.feature:14)
]]>
            </full-stacktrace>
          </exception> <!-- java.lang.AssertionError -->
          <reporter-output>
          </reporter-output>
        </test-method> <!-- runScenario -->
        <test-method retried="true" signature="runScenario(io.cucumber.testng.PickleWrapper,io.cucumber.testng.FeatureWrapper)[pri:0, instance:com.app.runner.TestNGRunner@4d1bf319]" started-at="2024-01-20T14:41:52 IST" name="runScenario" description="Runs Cucumber Scenarios" data-provider="scenarios" finished-at="2024-01-20T14:42:25 IST" duration-ms="32529" status="SKIP">
          <params>
            <param index="0">
              <value>
                <![CDATA["Testing of ContactUs Page"]]>
              </value>
            </param>
            <param index="1">
              <value>
                <![CDATA["Test Chilternoak Furniture page I want to use this template for my feature file"]]>
              </value>
            </param>
          </params>
          <exception class="java.lang.AssertionError">
            <full-stacktrace>
              <![CDATA[java.lang.AssertionError
at org.junit.Assert.fail(Assert.java:86)
at org.junit.Assert.assertTrue(Assert.java:41)
at org.junit.Assert.assertTrue(Assert.java:52)
at com.app.stepdefs.Steps.it_shoulld_diplayed_the_message(Steps.java:101)
at ✽.It shoulld diplayed the message 'Please enter the valid name'(file:///C:/Users/DELL/eclipse-workspace/RLL_Project_ContactUs/RLL_project_ContactUsForm/src/test/resource/features/ContactUs.feature:14)
]]>
            </full-stacktrace>
          </exception> <!-- java.lang.AssertionError -->
          <reporter-output>
          </reporter-output>
        </test-method> <!-- runScenario -->
        <test-method signature="runScenario(io.cucumber.testng.PickleWrapper,io.cucumber.testng.FeatureWrapper)[pri:0, instance:com.app.runner.TestNGRunner@4d1bf319]" started-at="2024-01-20T14:42:25 IST" name="runScenario" description="Runs Cucumber Scenarios" data-provider="scenarios" finished-at="2024-01-20T14:42:59 IST" duration-ms="34208" status="FAIL">
          <params>
            <param index="0">
              <value>
                <![CDATA["Testing of ContactUs Page"]]>
              </value>
            </param>
            <param index="1">
              <value>
                <![CDATA["Test Chilternoak Furniture page I want to use this template for my feature file"]]>
              </value>
            </param>
          </params>
          <exception class="java.lang.AssertionError">
            <full-stacktrace>
              <![CDATA[java.lang.AssertionError
at org.junit.Assert.fail(Assert.java:86)
at org.junit.Assert.assertTrue(Assert.java:41)
at org.junit.Assert.assertTrue(Assert.java:52)
at com.app.stepdefs.Steps.it_shoulld_diplayed_the_message(Steps.java:101)
at ✽.It shoulld diplayed the message 'Please enter the valid name'(file:///C:/Users/DELL/eclipse-workspace/RLL_Project_ContactUs/RLL_project_ContactUsForm/src/test/resource/features/ContactUs.feature:14)
]]>
            </full-stacktrace>
          </exception> <!-- java.lang.AssertionError -->
          <reporter-output>
          </reporter-output>
        </test-method> <!-- runScenario -->
        <test-method retried="true" signature="runScenario(io.cucumber.testng.PickleWrapper,io.cucumber.testng.FeatureWrapper)[pri:0, instance:com.app.runner.TestNGRunner@4d1bf319]" started-at="2024-01-20T14:42:59 IST" name="runScenario" description="Runs Cucumber Scenarios" data-provider="scenarios" finished-at="2024-01-20T14:43:40 IST" duration-ms="41746" status="SKIP">
          <params>
            <param index="0">
              <value>
                <![CDATA["Testing of ContactUs Page"]]>
              </value>
            </param>
            <param index="1">
              <value>
                <![CDATA["Test Chilternoak Furniture page I want to use this template for my feature file"]]>
              </value>
            </param>
          </params>
          <exception class="java.lang.AssertionError">
            <full-stacktrace>
              <![CDATA[java.lang.AssertionError
at org.junit.Assert.fail(Assert.java:86)
at org.junit.Assert.assertTrue(Assert.java:41)
at org.junit.Assert.assertTrue(Assert.java:52)
at com.app.stepdefs.Steps.it_shoulld_diplayed_the_message(Steps.java:101)
at ✽.It shoulld diplayed the message 'Please Enter the valid number format'(file:///C:/Users/DELL/eclipse-workspace/RLL_Project_ContactUs/RLL_project_ContactUsForm/src/test/resource/features/ContactUs.feature:14)
]]>
            </full-stacktrace>
          </exception> <!-- java.lang.AssertionError -->
          <reporter-output>
          </reporter-output>
        </test-method> <!-- runScenario -->
        <test-method signature="runScenario(io.cucumber.testng.PickleWrapper,io.cucumber.testng.FeatureWrapper)[pri:0, instance:com.app.runner.TestNGRunner@4d1bf319]" started-at="2024-01-20T14:43:40 IST" name="runScenario" description="Runs Cucumber Scenarios" data-provider="scenarios" finished-at="2024-01-20T14:44:16 IST" duration-ms="35974" status="FAIL">
          <params>
            <param index="0">
              <value>
                <![CDATA["Testing of ContactUs Page"]]>
              </value>
            </param>
            <param index="1">
              <value>
                <![CDATA["Test Chilternoak Furniture page I want to use this template for my feature file"]]>
              </value>
            </param>
          </params>
          <exception class="java.lang.AssertionError">
            <full-stacktrace>
              <![CDATA[java.lang.AssertionError
at org.junit.Assert.fail(Assert.java:86)
at org.junit.Assert.assertTrue(Assert.java:41)
at org.junit.Assert.assertTrue(Assert.java:52)
at com.app.stepdefs.Steps.it_shoulld_diplayed_the_message(Steps.java:101)
at ✽.It shoulld diplayed the message 'Please Enter the valid number format'(file:///C:/Users/DELL/eclipse-workspace/RLL_Project_ContactUs/RLL_project_ContactUsForm/src/test/resource/features/ContactUs.feature:14)
]]>
            </full-stacktrace>
          </exception> <!-- java.lang.AssertionError -->
          <reporter-output>
          </reporter-output>
        </test-method> <!-- runScenario -->
        <test-method is-config="true" signature="tearDownClass()[pri:0, instance:com.app.runner.TestNGRunner@4d1bf319]" started-at="2024-01-20T14:44:16 IST" name="tearDownClass" finished-at="2024-01-20T14:44:22 IST" duration-ms="5057" status="PASS">
          <reporter-output>
          </reporter-output>
        </test-method> <!-- tearDownClass -->
      </class> <!-- com.app.runner.TestNGRunner -->
    </test> <!-- CucumberTest -->
  </suite> <!-- CucumberSuite -->
</testng-results>
