<?xml version="1.0" encoding="UTF-8"?>
<testng-results ignored="0" total="5" passed="1" failed="4" skipped="0">
  <reporter-output>
  </reporter-output>
  <suite started-at="2024-01-18T19:30:08 IST" name="Suite" finished-at="2024-01-18T19:33:12 IST" duration-ms="184437">
    <groups>
      <group name="cucumber">
        <method signature="AbstractTestNGCucumberTests.runScenario(io.cucumber.testng.PickleWrapper,io.cucumber.testng.FeatureWrapper)[pri:0, instance:runners.TestNGRunner@c430e6c]" name="runScenario" class="io.cucumber.testng.AbstractTestNGCucumberTests"/>
      </group> <!-- cucumber -->
    </groups>
    <test started-at="2024-01-18T19:30:08 IST" name="Test" finished-at="2024-01-18T19:33:12 IST" duration-ms="184437">
      <class name="runners.TestNGRunner">
        <test-method is-config="true" signature="setUpClass(org.testng.ITestContext)[pri:0, instance:runners.TestNGRunner@c430e6c]" started-at="2024-01-18T19:30:09 IST" name="setUpClass" finished-at="2024-01-18T19:30:10 IST" duration-ms="1543" status="PASS">
          <params>
            <param index="0">
              <value>
                <![CDATA[org.testng.TestRunner@7c680fe1]]>
              </value>
            </param>
          </params>
          <reporter-output>
          </reporter-output>
        </test-method> <!-- setUpClass -->
        <test-method signature="runScenario(io.cucumber.testng.PickleWrapper,io.cucumber.testng.FeatureWrapper)[pri:0, instance:runners.TestNGRunner@c430e6c]" started-at="2024-01-18T19:30:10 IST" name="runScenario" description="Runs Cucumber Scenarios" data-provider="scenarios" finished-at="2024-01-18T19:31:00 IST" duration-ms="49280" status="PASS">
          <params>
            <param index="0">
              <value>
                <![CDATA["Testing of ContactUs Page"]]>
              </value>
            </param>
            <param index="1">
              <value>
                <![CDATA["Test Chilternoak Furniture page I want to use this template for my feature file"]]>
              </value>
            </param>
          </params>
          <reporter-output>
          </reporter-output>
        </test-method> <!-- runScenario -->
        <test-method signature="runScenario(io.cucumber.testng.PickleWrapper,io.cucumber.testng.FeatureWrapper)[pri:0, instance:runners.TestNGRunner@c430e6c]" started-at="2024-01-18T19:31:00 IST" name="runScenario" description="Runs Cucumber Scenarios" data-provider="scenarios" finished-at="2024-01-18T19:31:31 IST" duration-ms="31390" status="FAIL">
          <params>
            <param index="0">
              <value>
                <![CDATA["Testing of ContactUs Page"]]>
              </value>
            </param>
            <param index="1">
              <value>
                <![CDATA["Test Chilternoak Furniture page I want to use this template for my feature file"]]>
              </value>
            </param>
          </params>
          <exception class="java.lang.AssertionError">
            <full-stacktrace>
              <![CDATA[java.lang.AssertionError
at org.junit.Assert.fail(Assert.java:86)
at org.junit.Assert.assertTrue(Assert.java:41)
at org.junit.Assert.assertTrue(Assert.java:52)
at steps.ContactUsFormSteps.it_shoulld_diplayed_the_message(ContactUsFormSteps.java:118)
at ✽.It shoulld diplayed the message 'Please enter the valid email'(file:///C:/Users/DELL/eclipse-workspace/CucumberProject/RLLProjectCucumber/src/test/java/features/ContactUs.feature:15)
]]>
            </full-stacktrace>
          </exception> <!-- java.lang.AssertionError -->
          <reporter-output>
          </reporter-output>
        </test-method> <!-- runScenario -->
        <test-method signature="runScenario(io.cucumber.testng.PickleWrapper,io.cucumber.testng.FeatureWrapper)[pri:0, instance:runners.TestNGRunner@c430e6c]" started-at="2024-01-18T19:31:31 IST" name="runScenario" description="Runs Cucumber Scenarios" data-provider="scenarios" finished-at="2024-01-18T19:32:03 IST" duration-ms="31511" status="FAIL">
          <params>
            <param index="0">
              <value>
                <![CDATA["Testing of ContactUs Page"]]>
              </value>
            </param>
            <param index="1">
              <value>
                <![CDATA["Test Chilternoak Furniture page I want to use this template for my feature file"]]>
              </value>
            </param>
          </params>
          <exception class="java.lang.AssertionError">
            <full-stacktrace>
              <![CDATA[java.lang.AssertionError
at org.junit.Assert.fail(Assert.java:86)
at org.junit.Assert.assertTrue(Assert.java:41)
at org.junit.Assert.assertTrue(Assert.java:52)
at steps.ContactUsFormSteps.it_shoulld_diplayed_the_message(ContactUsFormSteps.java:118)
at ✽.It shoulld diplayed the message 'It is mandontary to fill the fields'(file:///C:/Users/DELL/eclipse-workspace/CucumberProject/RLLProjectCucumber/src/test/java/features/ContactUs.feature:15)
]]>
            </full-stacktrace>
          </exception> <!-- java.lang.AssertionError -->
          <reporter-output>
          </reporter-output>
        </test-method> <!-- runScenario -->
        <test-method signature="runScenario(io.cucumber.testng.PickleWrapper,io.cucumber.testng.FeatureWrapper)[pri:0, instance:runners.TestNGRunner@c430e6c]" started-at="2024-01-18T19:32:03 IST" name="runScenario" description="Runs Cucumber Scenarios" data-provider="scenarios" finished-at="2024-01-18T19:32:34 IST" duration-ms="31455" status="FAIL">
          <params>
            <param index="0">
              <value>
                <![CDATA["Testing of ContactUs Page"]]>
              </value>
            </param>
            <param index="1">
              <value>
                <![CDATA["Test Chilternoak Furniture page I want to use this template for my feature file"]]>
              </value>
            </param>
          </params>
          <exception class="java.lang.AssertionError">
            <full-stacktrace>
              <![CDATA[java.lang.AssertionError
at org.junit.Assert.fail(Assert.java:86)
at org.junit.Assert.assertTrue(Assert.java:41)
at org.junit.Assert.assertTrue(Assert.java:52)
at steps.ContactUsFormSteps.it_shoulld_diplayed_the_message(ContactUsFormSteps.java:118)
at ✽.It shoulld diplayed the message 'Please enter the valid name'(file:///C:/Users/DELL/eclipse-workspace/CucumberProject/RLLProjectCucumber/src/test/java/features/ContactUs.feature:15)
]]>
            </full-stacktrace>
          </exception> <!-- java.lang.AssertionError -->
          <reporter-output>
          </reporter-output>
        </test-method> <!-- runScenario -->
        <test-method signature="runScenario(io.cucumber.testng.PickleWrapper,io.cucumber.testng.FeatureWrapper)[pri:0, instance:runners.TestNGRunner@c430e6c]" started-at="2024-01-18T19:32:34 IST" name="runScenario" description="Runs Cucumber Scenarios" data-provider="scenarios" finished-at="2024-01-18T19:33:09 IST" duration-ms="35067" status="FAIL">
          <params>
            <param index="0">
              <value>
                <![CDATA["Testing of ContactUs Page"]]>
              </value>
            </param>
            <param index="1">
              <value>
                <![CDATA["Test Chilternoak Furniture page I want to use this template for my feature file"]]>
              </value>
            </param>
          </params>
          <exception class="java.lang.AssertionError">
            <full-stacktrace>
              <![CDATA[java.lang.AssertionError
at org.junit.Assert.fail(Assert.java:86)
at org.junit.Assert.assertTrue(Assert.java:41)
at org.junit.Assert.assertTrue(Assert.java:52)
at steps.ContactUsFormSteps.it_shoulld_diplayed_the_message(ContactUsFormSteps.java:118)
at ✽.It shoulld diplayed the message 'Please Enter the valid number format'(file:///C:/Users/DELL/eclipse-workspace/CucumberProject/RLLProjectCucumber/src/test/java/features/ContactUs.feature:15)
]]>
            </full-stacktrace>
          </exception> <!-- java.lang.AssertionError -->
          <reporter-output>
          </reporter-output>
        </test-method> <!-- runScenario -->
        <test-method is-config="true" signature="tearDownClass()[pri:0, instance:runners.TestNGRunner@c430e6c]" started-at="2024-01-18T19:33:09 IST" name="tearDownClass" finished-at="2024-01-18T19:33:12 IST" duration-ms="3249" status="PASS">
          <reporter-output>
          </reporter-output>
        </test-method> <!-- tearDownClass -->
      </class> <!-- runners.TestNGRunner -->
    </test> <!-- Test -->
  </suite> <!-- Suite -->
</testng-results>
